{"@timestamp":"2024-06-24T15:11:53.356+08:00","caller":"logic/signupLogic.go:48","content":{"username":"zhangsan","password":"123123","re_password":"123123","gender":0},"level":"debug"}
{"@timestamp":"2024-06-24T15:11:53.356+08:00","caller":"logic/signupLogic.go:49","content":"req:&types.SignupRequest{UserName:\"zhangsan\", Password:\"123123\", RePassword:\"123123\", Gender:0}","level":"debug"}
{"@timestamp":"2024-06-24T15:11:53.359+08:00","caller":"handler/loghandler.go:147","content":"[HTTP] 400 - GET /api/user/signup - [::1]:51714 - PostmanRuntime/7.39.0","duration":"3.7ms","level":"info","span":"29064374fbe66b9a","trace":"501ecbfff7e279a47b33341146205a30"}
{"@timestamp":"2024-06-24T15:48:38.632+08:00","caller":"handler/loghandler.go:147","content":"[HTTP] 200 - POST /api/user/login - [::1]:52092 - PostmanRuntime/7.39.0","duration":"3.0ms","level":"info","span":"c3b5001270b04bbb","trace":"54e05d9dfad718c73f0f6194711d8731"}
{"@timestamp":"2024-06-24T15:48:44.717+08:00","caller":"handler/loghandler.go:147","content":"[HTTP] 200 - POST /api/user/login - [::1]:52104 - PostmanRuntime/7.39.0","duration":"0.2ms","level":"info","span":"9f675f9d80a1075f","trace":"cd1395e25afbabf9f416405ffde7dd0e"}
{"@timestamp":"2024-06-24T15:49:42.208+08:00","caller":"handler/loghandler.go:147","content":"[HTTP] 200 - POST /api/user/login - [::1]:52113 - PostmanRuntime/7.39.0","duration":"3.0ms","level":"info","span":"1b5aa1b3d98e347e","trace":"74cb5f1010717e5a4d9a31af5ca60594"}
{"@timestamp":"2024-06-24T15:49:44.631+08:00","caller":"sqlx/stmt.go:274","content":"sql query: select `id`,`user_id`,`username`,`password`,`email`,`gender`,`create_time`,`update_time` from `user` where `username` = 'lisi1' limit 1","duration":"0.9ms","level":"info","span":"5af1fa8c7e65e41c","trace":"f9b6f9fc11d9267a691e9a4d757fff89"}
{"@timestamp":"2024-06-24T15:49:44.632+08:00","caller":"handler/loghandler.go:147","content":"[HTTP] 400 - POST /api/user/login - [::1]:52125 - PostmanRuntime/7.39.0","duration":"10.8ms","level":"info","span":"d665423d09b0cc60","trace":"241a07891b67e442cd77093da3baa047"}
{"@timestamp":"2024-06-24T15:50:20.035+08:00","caller":"handler/loghandler.go:147","content":"[HTTP] 200 - POST /api/user/login - [::1]:52141 - PostmanRuntime/7.39.0","duration":"2.1ms","level":"info","span":"ac3a4dfc16821f57","trace":"535ddbe545f30fc3cfc2f9e7d60b8f2e"}
{"@timestamp":"2024-06-24T15:50:27.464+08:00","caller":"handler/loghandler.go:147","content":"[HTTP] 200 - POST /api/user/login - [::1]:52153 - PostmanRuntime/7.39.0","duration":"0.5ms","level":"info","span":"27e0a45048415147","trace":"802d118766022e60a87563f060d77084"}
{"@timestamp":"2024-06-24T15:50:30.400+08:00","caller":"handler/loghandler.go:147","content":"[HTTP] 200 - POST /api/user/login - [::1]:52156 - PostmanRuntime/7.39.0","duration":"0.5ms","level":"info","span":"17813021652a3531","trace":"2b5c0551b3e1e18e0037fee94391a784"}
{"@timestamp":"2024-06-24T15:50:32.971+08:00","caller":"handler/loghandler.go:147","content":"[HTTP] 200 - POST /api/user/login - [::1]:52160 - PostmanRuntime/7.39.0","duration":"0.5ms","level":"info","span":"2fe4002447e41aa1","trace":"87862c838488cd9414c8d2bf454bbdcd"}
{"@timestamp":"2024-06-24T15:50:42.788+08:00","caller":"handler/loghandler.go:147","content":"[HTTP] 200 - POST /api/user/login - [::1]:52167 - PostmanRuntime/7.39.0","duration":"1.6ms","level":"info","span":"d3c1bef738b332fa","trace":"12ebf2491d0c9b5cfa010516d0539ff0"}
{"@timestamp":"2024-06-24T16:45:15.714+08:00","caller":"handler/loghandler.go:147","content":"[HTTP] 400 - GET /api/user/zhangsan - [::1]:53667 - PostmanRuntime/7.39.0","duration":"0.0ms","level":"info","span":"e843280f84f7359b","trace":"6e14c1a73ac674f596b3b308da17de9c"}
{"@timestamp":"2024-06-24T16:46:18.875+08:00","caller":"handler/loghandler.go:147","content":"[HTTP] 400 - GET /api/user/zhangsan - [::1]:53676 - PostmanRuntime/7.39.0","duration":"0.5ms","level":"info","span":"f6161fde9cbb58f7","trace":"19413c6b51421fb772a9631a10996b26"}
{"@timestamp":"2024-06-24T16:48:10.333+08:00","caller":"handler/loghandler.go:147","content":"[HTTP] 200 - GET /api/user - [::1]:53700 - PostmanRuntime/7.39.0","duration":"5.0ms","level":"info","span":"42d61f695eba6c0d","trace":"7a2772c353cbd320151568f88bd7928b"}
{"@timestamp":"2024-06-24T16:48:15.465+08:00","caller":"handler/loghandler.go:147","content":"[HTTP] 200 - GET /api/user - [::1]:53712 - PostmanRuntime/7.39.0","duration":"0.5ms","level":"info","span":"276ae02f5bdcc04a","trace":"f185a5073f7acd4533aeeffbb6e1777e"}
{"@timestamp":"2024-06-24T16:50:37.597+08:00","caller":"handler/loghandler.go:147","content":"[HTTP] 400 - GET /api/user - [::1]:53734 - PostmanRuntime/7.39.0","duration":"0.5ms","level":"info","span":"c4026fe516915f59","trace":"7bd3b2f25662974fd12da83f2eeb5c80"}
{"@timestamp":"2024-06-24T16:50:46.007+08:00","caller":"sqlx/stmt.go:274","content":"sql query: select `id`,`user_id`,`username`,`password`,`email`,`gender`,`create_time`,`update_time` from `user` where `username` = '\\\"zhangsan\\\"' limit 1","duration":"1.0ms","level":"info","span":"ec7531fb19099dc1","trace":"f09b150e0fc944246580dd2ffbfc564d"}
{"@timestamp":"2024-06-24T16:50:46.008+08:00","caller":"handler/loghandler.go:147","content":"[HTTP] 400 - GET /api/user?username=%22zhangsan%22 - [::1]:53740 - PostmanRuntime/7.39.0","duration":"14.7ms","level":"info","span":"9d69c60ffec525dc","trace":"2992ef50116f8ed369ec116cdc47cb2a"}
{"@timestamp":"2024-06-24T16:50:50.707+08:00","caller":"handler/loghandler.go:147","content":"[HTTP] 400 - GET /api/user?username=%22zhangsan%22 - [::1]:53753 - PostmanRuntime/7.39.0","duration":"0.5ms","level":"info","span":"087265ac7ba6de68","trace":"f75a36cf105e2d7aff24f608deea3fd2"}
{"@timestamp":"2024-06-24T16:50:55.717+08:00","caller":"handler/loghandler.go:147","content":"[HTTP] 200 - GET /api/user?username=zhangsan - [::1]:53757 - PostmanRuntime/7.39.0","duration":"0.5ms","level":"info","span":"a5414646864121a0","trace":"dcec369f276f53db53cfb4e926dc4cb8"}
{"@timestamp":"2024-06-24T16:50:56.819+08:00","caller":"handler/loghandler.go:147","content":"[HTTP] 200 - GET /api/user?username=zhangsan - [::1]:53757 - PostmanRuntime/7.39.0","duration":"0.8ms","level":"info","span":"437ca693adcdf868","trace":"3b1068ddddc26b2b64e7f4a02dbbada5"}
{"@timestamp":"2024-06-25T09:29:00.244+08:00","caller":"handler/loghandler.go:147","content":"[HTTP] 404 - GET /api/user?username=zhangsan - [::1]:50964 - PostmanRuntime/7.39.0","duration":"0.0ms","level":"info","span":"f260a3b5f27071fd","trace":"a8aa5e1539bfd0c09c73cb8e6250e721"}
{"@timestamp":"2024-06-25T09:29:49.657+08:00","caller":"handler/loghandler.go:147","content":"[HTTP] 404 - GET /api/user?username=zhangsan - [::1]:51096 - PostmanRuntime/7.39.0","duration":"0.0ms","level":"info","span":"5cf1e6fa27eec753","trace":"a829dc578166e20dbbdd3e4fa4316a0c"}
{"@timestamp":"2024-06-25T09:30:01.262+08:00","caller":"handler/loghandler.go:147","content":"[HTTP] 200 - GET /api/user/info?username=zhangsan - [::1]:51130 - PostmanRuntime/7.39.0","duration":"0.0ms","level":"info","span":"0927768c7ba07580","trace":"82b1606da8ccfe6f78f60c6c5cbd5fad"}
{"@timestamp":"2024-06-25T09:30:07.233+08:00","caller":"handler/loghandler.go:147","content":"[HTTP] 200 - GET /api/user/info?username=lisi - [::1]:51146 - PostmanRuntime/7.39.0","duration":"0.0ms","level":"info","span":"9967c51277d3d0f1","trace":"b0126c9e32d88caf8db677d4a8ed10e0"}
{"@timestamp":"2024-06-25T09:30:15.192+08:00","caller":"handler/loghandler.go:147","content":"[HTTP] 200 - GET /api/user/info?username=lisi - [::1]:51166 - PostmanRuntime/7.39.0","duration":"0.0ms","level":"info","span":"a17b1a9285a9398e","trace":"f89792f3e6814fddab90401877f6b942"}
{"@timestamp":"2024-06-25T09:30:15.660+08:00","caller":"handler/loghandler.go:147","content":"[HTTP] 200 - GET /api/user/info?username=lisi - [::1]:51166 - PostmanRuntime/7.39.0","duration":"0.1ms","level":"info","span":"0c50ac8ffde19c5e","trace":"71d62d58cd467555b5d02758dec4c4f8"}
{"@timestamp":"2024-06-25T09:31:10.023+08:00","caller":"handler/loghandler.go:147","content":"[HTTP] 200 - GET /api/user/info?username=lisi - [::1]:51288 - PostmanRuntime/7.39.0","duration":"0.5ms","level":"info","span":"5aac437df14bb04e","trace":"d3016eec45381ec23a6467d1324e2611"}
{"@timestamp":"2024-06-25T09:31:10.744+08:00","caller":"handler/loghandler.go:147","content":"[HTTP] 200 - GET /api/user/info?username=lisi - [::1]:51288 - PostmanRuntime/7.39.0","duration":"0.6ms","level":"info","span":"7d4d7a83434e89fa","trace":"cfb320cd4a7ef6183ca6811475b68e8f"}
{"@timestamp":"2024-06-25T09:31:31.651+08:00","caller":"handler/loghandler.go:147","content":"[HTTP] 200 - GET /api/user/info?username=zhangsan - [::1]:51329 - PostmanRuntime/7.39.0","duration":"0.6ms","level":"info","span":"56bc422fb715b0e2","trace":"d56620a05060f20275456f76bc07a2a2"}
{"@timestamp":"2024-06-25T09:31:32.365+08:00","caller":"handler/loghandler.go:147","content":"[HTTP] 200 - GET /api/user/info?username=zhangsan - [::1]:51329 - PostmanRuntime/7.39.0","duration":"0.0ms","level":"info","span":"a48cc5747c111d59","trace":"58dcbf251ec5283dc54adcbce6b2ee9d"}
{"@timestamp":"2024-06-25T11:14:37.055+08:00","caller":"handler/loghandler.go:147","content":"[HTTP] 200 - GET /api/user/info?username=zhangsan - [::1]:52390 - PostmanRuntime/7.39.0","duration":"17.7ms","level":"info","span":"ab1eec65f206a104","trace":"d01a7ad3147ec7ac4468f87e6241c562"}
{"@timestamp":"2024-06-25T11:14:42.544+08:00","caller":"handler/loghandler.go:147","content":"[HTTP] 200 - GET /api/user/info?username=zhangsan - [::1]:52407 - PostmanRuntime/7.39.0","duration":"0.5ms","level":"info","span":"3def3c99ea7c464f","trace":"7157d9556f4e99ecd11fa2bf811e4575"}
{"@timestamp":"2024-06-25T11:14:43.136+08:00","caller":"handler/loghandler.go:147","content":"[HTTP] 200 - GET /api/user/info?username=zhangsan - [::1]:52407 - PostmanRuntime/7.39.0","duration":"0.0ms","level":"info","span":"7059d7b634ecb30a","trace":"a268411a345244d73717bfa85ae71eb4"}
{"@timestamp":"2024-06-25T11:14:43.872+08:00","caller":"handler/loghandler.go:147","content":"[HTTP] 200 - GET /api/user/info?username=zhangsan - [::1]:52407 - PostmanRuntime/7.39.0","duration":"0.0ms","level":"info","span":"52ecf3f0c426fd75","trace":"e8b83c8219cb8f26bbf36f6823b9e1de"}
{"@timestamp":"2024-06-25T11:14:44.589+08:00","caller":"handler/loghandler.go:147","content":"[HTTP] 200 - GET /api/user/info?username=zhangsan - [::1]:52407 - PostmanRuntime/7.39.0","duration":"0.5ms","level":"info","span":"0cba63d543e50d79","trace":"1881becb3d58d9a994c2d656d18fceac"}
{"@timestamp":"2024-06-25T11:14:45.294+08:00","caller":"handler/loghandler.go:147","content":"[HTTP] 200 - GET /api/user/info?username=zhangsan - [::1]:52407 - PostmanRuntime/7.39.0","duration":"0.1ms","level":"info","span":"e99fba29822b0069","trace":"a92c00c34417a100b7fbbfeb93c431ee"}
{"@timestamp":"2024-06-25T11:14:46.074+08:00","caller":"handler/loghandler.go:147","content":"[HTTP] 200 - GET /api/user/info?username=zhangsan - [::1]:52407 - PostmanRuntime/7.39.0","duration":"0.3ms","level":"info","span":"44a23751625889e0","trace":"c489dac8611343c0853b298a5fa095c8"}
{"@timestamp":"2024-06-25T11:14:47.756+08:00","caller":"handler/loghandler.go:147","content":"[HTTP] 200 - GET /api/user/info?username=zhangsan - [::1]:52407 - PostmanRuntime/7.39.0","duration":"0.5ms","level":"info","span":"447114aedf3942b5","trace":"44a0872ae8b151ee902efa1ade6100a9"}
{"@timestamp":"2024-06-25T11:14:48.275+08:00","caller":"handler/loghandler.go:147","content":"[HTTP] 200 - GET /api/user/info?username=zhangsan - [::1]:52407 - PostmanRuntime/7.39.0","duration":"0.5ms","level":"info","span":"96b6cc4b4a01936e","trace":"664f43f25f799ce87086968e959a8f9f"}
{"@timestamp":"2024-06-25T11:14:48.644+08:00","caller":"handler/loghandler.go:147","content":"[HTTP] 200 - GET /api/user/info?username=zhangsan - [::1]:52407 - PostmanRuntime/7.39.0","duration":"0.2ms","level":"info","span":"776b672e0227b17f","trace":"0c31e1fd084215cb8474302c714545f7"}
{"@timestamp":"2024-06-25T11:14:49.153+08:00","caller":"handler/loghandler.go:147","content":"[HTTP] 200 - GET /api/user/info?username=zhangsan - [::1]:52407 - PostmanRuntime/7.39.0","duration":"1.3ms","level":"info","span":"2d343a1dd1ec5319","trace":"50fafecf9ca8e5d1970261e4495a5f70"}
{"@timestamp":"2024-06-25T11:14:50.035+08:00","caller":"handler/loghandler.go:147","content":"[HTTP] 200 - GET /api/user/info?username=zhangsan - [::1]:52407 - PostmanRuntime/7.39.0","duration":"1.0ms","level":"info","span":"bdd11d283e537ead","trace":"eeb2df55f88e072919ba5f733db152d2"}
{"@timestamp":"2024-06-25T11:14:51.869+08:00","caller":"handler/loghandler.go:147","content":"[HTTP] 200 - GET /api/user/info?username=zhangsan - [::1]:52407 - PostmanRuntime/7.39.0","duration":"0.0ms","level":"info","span":"d68594b9734efaa9","trace":"24df6d4abcfa194c34f7a45f7bd9a0b6"}
{"@timestamp":"2024-06-25T11:14:52.609+08:00","caller":"handler/loghandler.go:147","content":"[HTTP] 200 - GET /api/user/info?username=zhangsan - [::1]:52407 - PostmanRuntime/7.39.0","duration":"1.1ms","level":"info","span":"3be5cd61aef4a3cb","trace":"4d778e6ef4d2af0bc2e491eb1a85268c"}
{"@timestamp":"2024-06-25T11:14:53.186+08:00","caller":"handler/loghandler.go:147","content":"[HTTP] 200 - GET /api/user/info?username=zhangsan - [::1]:52407 - PostmanRuntime/7.39.0","duration":"0.0ms","level":"info","span":"47e261cabebd668e","trace":"941d6761c9b087ff1c54aac9768117d2"}
{"@timestamp":"2024-06-25T11:14:53.731+08:00","caller":"handler/loghandler.go:147","content":"[HTTP] 200 - GET /api/user/info?username=zhangsan - [::1]:52407 - PostmanRuntime/7.39.0","duration":"0.0ms","level":"info","span":"1b8326bfc8406a23","trace":"b118c816840aedef55349c0ed8bf4c86"}
{"@timestamp":"2024-06-25T11:14:54.321+08:00","caller":"handler/loghandler.go:147","content":"[HTTP] 200 - GET /api/user/info?username=zhangsan - [::1]:52407 - PostmanRuntime/7.39.0","duration":"1.0ms","level":"info","span":"03daf23545dcf787","trace":"60f3ccba50e794243ae4afbd4d0be903"}
{"@timestamp":"2024-06-25T11:14:54.830+08:00","caller":"handler/loghandler.go:147","content":"[HTTP] 200 - GET /api/user/info?username=zhangsan - [::1]:52407 - PostmanRuntime/7.39.0","duration":"0.1ms","level":"info","span":"85015755a91f0bd8","trace":"8ae43753fd8d5bc647c6a45d82ea4542"}
{"@timestamp":"2024-06-25T11:14:55.420+08:00","caller":"handler/loghandler.go:147","content":"[HTTP] 200 - GET /api/user/info?username=zhangsan - [::1]:52407 - PostmanRuntime/7.39.0","duration":"1.0ms","level":"info","span":"53786603483e8eac","trace":"6afc035fd979a74fce791b2aa358e0da"}
{"@timestamp":"2024-06-25T11:14:55.913+08:00","caller":"handler/loghandler.go:147","content":"[HTTP] 200 - GET /api/user/info?username=zhangsan - [::1]:52407 - PostmanRuntime/7.39.0","duration":"0.8ms","level":"info","span":"98b6c12734bc10d8","trace":"3b81ea69ecc76035c55964c61d2ba405"}
{"@timestamp":"2024-06-25T11:14:56.399+08:00","caller":"handler/loghandler.go:147","content":"[HTTP] 200 - GET /api/user/info?username=zhangsan - [::1]:52407 - PostmanRuntime/7.39.0","duration":"0.2ms","level":"info","span":"bba2a2f321037ca2","trace":"8a3cdb70276f92fb680fbe45244d00aa"}
{"@timestamp":"2024-06-25T11:14:57.041+08:00","caller":"handler/loghandler.go:147","content":"[HTTP] 200 - GET /api/user/info?username=zhangsan - [::1]:52407 - PostmanRuntime/7.39.0","duration":"0.3ms","level":"info","span":"ffd085822a68ffd4","trace":"02a91eb7f3ff4ffbbb2b02753e71d824"}
{"@timestamp":"2024-06-25T11:14:57.496+08:00","caller":"handler/loghandler.go:147","content":"[HTTP] 200 - GET /api/user/info?username=zhangsan - [::1]:52407 - PostmanRuntime/7.39.0","duration":"0.0ms","level":"info","span":"c4f1dbb119c088dd","trace":"103020f4cdd49008693651969bf09cbb"}
{"@timestamp":"2024-06-25T11:47:40.542+08:00","caller":"handler/loghandler.go:147","content":"[HTTP] 200 - GET /api/user/info?username=zhangsan - [::1]:54976 - PostmanRuntime/7.39.0","duration":"3.0ms","level":"info","span":"e088d161a3721d4d","trace":"9d423ba33fa3ef65e3ef95c8c48d54a9"}
{"@timestamp":"2024-06-25T11:47:51.559+08:00","caller":"handler/loghandler.go:147","content":"[HTTP] 200 - GET /api/user/info?username=zhangsan - [::1]:55002 - PostmanRuntime/7.39.0","duration":"0.5ms","level":"info","span":"dc29b18d3f2122d7","trace":"35b028d626d665e510e6babd558f7f1f"}
{"@timestamp":"2024-06-25T11:47:52.218+08:00","caller":"handler/loghandler.go:147","content":"[HTTP] 200 - GET /api/user/info?username=zhangsan - [::1]:55002 - PostmanRuntime/7.39.0","duration":"0.6ms","level":"info","span":"52b909cd410f97c4","trace":"5cdc55f728ffbe2560d10d5398d20c5d"}
{"@timestamp":"2024-06-25T11:47:53.801+08:00","caller":"handler/loghandler.go:147","content":"[HTTP] 200 - GET /api/user/info?username=zhangsan - [::1]:55002 - PostmanRuntime/7.39.0","duration":"0.5ms","level":"info","span":"3811ced110b867e1","trace":"b9e4f61f522cd2a4f9e28322c1509b34"}
{"@timestamp":"2024-06-25T11:48:25.583+08:00","caller":"handler/loghandler.go:147","content":"[HTTP] 200 - GET /api/user/info?username=zhangsan - [::1]:55069 - PostmanRuntime/7.39.0","duration":"4.4ms","level":"info","span":"a5e269cc54aacafa","trace":"a503915a06f9097f79c45ea48913b101"}
{"@timestamp":"2024-06-25T11:50:01.758+08:00","caller":"handler/loghandler.go:147","content":"[HTTP] 200 - GET /api/user/info?username=zhangsan - [::1]:55196 - PostmanRuntime/7.39.0","duration":"4.2ms","level":"info","span":"fca048ace8fcf6f9","trace":"f3c16037701939d788aa10af0dfc8adb"}
{"@timestamp":"2024-06-25T11:50:16.025+08:00","caller":"handler/loghandler.go:147","content":"[HTTP] 200 - GET /api/user/info?username=zhangsan - [::1]:55227 - PostmanRuntime/7.39.0","duration":"8.6ms","level":"info","span":"ae47cc82a8295bea","trace":"40f01bdb9f53d1c83996b0067103f86b"}
{"@timestamp":"2024-06-25T11:50:39.298+08:00","caller":"handler/loghandler.go:147","content":"[HTTP] 200 - GET /api/user/info?username=zhangsan - [::1]:55279 - PostmanRuntime/7.39.0","duration":"3.8ms","level":"info","span":"8a3f3367704987af","trace":"8ceeafe3c14098598c54a89198d68061"}
{"@timestamp":"2024-06-25T11:50:40.287+08:00","caller":"handler/loghandler.go:147","content":"[HTTP] 200 - GET /api/user/info?username=zhangsan - [::1]:55279 - PostmanRuntime/7.39.0","duration":"1.3ms","level":"info","span":"a7f8b6b355465b5c","trace":"69bd289ac5d7b04de677b341228a9dcc"}
{"@timestamp":"2024-06-25T11:51:16.743+08:00","caller":"handler/loghandler.go:147","content":"[HTTP] 200 - GET /api/user/info?username=zhangsan - [::1]:55353 - PostmanRuntime/7.39.0","duration":"2.2ms","level":"info","span":"4dc152eb40443f4a","trace":"8ce7b7d5549b4a433c942ec7f6b34c20"}
{"@timestamp":"2024-06-25T11:51:20.232+08:00","caller":"handler/loghandler.go:147","content":"[HTTP] 200 - GET /api/user/info?username=zhangsan - [::1]:55368 - PostmanRuntime/7.39.0","duration":"0.5ms","level":"info","span":"5c5477f723ed11e7","trace":"694118588b712b86405c6a2d1859ad18"}
{"@timestamp":"2024-06-25T11:51:47.118+08:00","caller":"handler/loghandler.go:147","content":"[HTTP] 200 - GET /api/user/info?username=zhangsan - [::1]:55411 - PostmanRuntime/7.39.0","duration":"2.2ms","level":"info","span":"75a4f2608dcac3a9","trace":"23f90e0eca0e4311b4fd677651049eaa"}
{"@timestamp":"2024-06-25T11:53:30.027+08:00","caller":"handler/loghandler.go:147","content":"[HTTP] 200 - GET /api/user/info?username=zhangsan - [::1]:55679 - PostmanRuntime/7.39.0","duration":"4.3ms","level":"info","span":"987ff47716179e0c","trace":"0540c6c8973696ad4364709141f04517"}
{"@timestamp":"2024-06-25T11:54:43.517+08:00","caller":"handler/loghandler.go:147","content":"[HTTP] 200 - GET /api/user/info?username=zhangsan - [::1]:55836 - PostmanRuntime/7.39.0","duration":"2.1ms","level":"info","span":"891d776859b200a0","trace":"5a6e54de362cef44f2c6cbeaf2619f69"}
{"@timestamp":"2024-06-25T11:54:44.311+08:00","caller":"handler/loghandler.go:147","content":"[HTTP] 200 - GET /api/user/info?username=zhangsan - [::1]:55836 - PostmanRuntime/7.39.0","duration":"1.1ms","level":"info","span":"1c3957aa70409a04","trace":"0b9ac6f6124d62b6da4c611fcbee7a2e"}
{"@timestamp":"2024-06-25T11:54:47.293+08:00","caller":"handler/loghandler.go:147","content":"[HTTP] 200 - GET /api/user/info?username=lisi - [::1]:55860 - PostmanRuntime/7.39.0","duration":"0.5ms","level":"info","span":"f73534f5469623aa","trace":"5cf17cfbb1398c9875bc5e12436dfc08"}
{"@timestamp":"2024-06-25T11:55:04.501+08:00","caller":"handler/loghandler.go:147","content":"[HTTP] 200 - GET /api/user/info?username=lisi - [::1]:55891 - PostmanRuntime/7.39.0","duration":"3.6ms","level":"info","span":"19f8c101790d2966","trace":"844ffd0a0087c67dd932a23e1d91ccab"}
{"@timestamp":"2024-06-25T11:55:37.896+08:00","caller":"handler/loghandler.go:147","content":"[HTTP] 200 - GET /api/user/info?username=lisi - [::1]:55948 - PostmanRuntime/7.39.0","duration":"3.1ms","level":"info","span":"2da568b60556d853","trace":"ee95d547972ec3698e86657c04c1747a"}
{"@timestamp":"2024-06-25T11:55:44.341+08:00","caller":"handler/loghandler.go:147","content":"[HTTP] 200 - GET /api/user/info?username=lisi - [::1]:55966 - PostmanRuntime/7.39.0","duration":"0.6ms","level":"info","span":"9ec37f21f237d210","trace":"2f21acf1fe09c3170db6ef5ae7a2cf50"}
{"@timestamp":"2024-06-25T11:55:44.969+08:00","caller":"handler/loghandler.go:147","content":"[HTTP] 200 - GET /api/user/info?username=lisi - [::1]:55966 - PostmanRuntime/7.39.0","duration":"1.2ms","level":"info","span":"9dd8decd2ea42101","trace":"e6d5a98882e97f1c11704b2f46be1f8d"}
{"@timestamp":"2024-06-25T11:55:45.615+08:00","caller":"handler/loghandler.go:147","content":"[HTTP] 200 - GET /api/user/info?username=lisi - [::1]:55966 - PostmanRuntime/7.39.0","duration":"1.4ms","level":"info","span":"7f09e171986332e1","trace":"e7573f9aa661c6796c35a61e99a710bd"}
{"@timestamp":"2024-06-25T11:59:15.871+08:00","caller":"handler/loghandler.go:147","content":"[HTTP] 200 - GET /api/user/info?username=lisi - [::1]:56275 - PostmanRuntime/7.39.0","duration":"2.1ms","level":"info","span":"068a46bbd995a4f7","trace":"2a1a422c0df710166f1a6b79ea83c6c7"}
{"@timestamp":"2024-06-25T11:59:21.108+08:00","caller":"handler/loghandler.go:147","content":"[HTTP] 200 - GET /api/user/info?username=zhangsan - [::1]:56293 - PostmanRuntime/7.39.0","duration":"0.5ms","level":"info","span":"c46190cb65dd939f","trace":"040ff596a0da488f049c68413fa9209f"}
